[src/video/videosource.h:35]: (performance) Function parameter 'frame' should be passed by reference.
[src/widget/videosurface.h:47]: (performance) Function parameter 'newFrame' should be passed by reference.
[src/video/camera.h:82]: (performance) Function parameter 'frame' should be passed by reference.
[moc_cameraworker.cpp:222]: (performance) Function parameter '_t1' should be passed by reference.
[src/widget/tool/chatactions/chataction.h:32]: (warning) Member variable 'ChatAction::textTable' is not initialized in the constructor.
[src/widget/tool/chatactions/chataction.h:32]: (warning) Member variable 'ChatAction::textEdit' is not initialized in the constructor.
[moc_videosource.cpp:133]: (performance) Function parameter '_t1' should be passed by reference.
[src/core.cpp:1254]: (style) The scope of the variable 'error' can be reduced.
[src/coreav.cpp:107]: (style) C-style pointer casting
[src/coreav.cpp:114]: (style) C-style pointer casting
[src/coreav.cpp:255]: (style) The scope of the variable 'dest' can be reduced.
[src/coreav.cpp:629]: (style) Variable 'r' is assigned a value that is never used.
[src/coreav.cpp:29]: (warning) Redundant code: Found a statement that begins with numeric constant.
[src/friend.cpp:30]: (performance) Variable 'userID' is assigned in constructor body. Consider performing initialization in initialization list.
[src/friend.cpp:31]: (performance) Variable 'userName' is assigned in constructor body. Consider performing initialization in initialization list.
[src/friend.h:26]: (style) 'struct Friend' does not have a copy constructor which is recommended since the class contains a pointer to allocated memory.
[src/historykeeper.cpp:275] -> [src/historykeeper.h:51]: (performance, inconclusive) Technically the member function 'HistoryKeeper::addGroupChatEntry' can be static.
[src/historykeeper.cpp:199] -> [src/historykeeper.h:66]: (performance, inconclusive) Technically the member function 'HistoryKeeper::wrapMessage' can be static.
[src/historykeeper.cpp:206] -> [src/historykeeper.h:67]: (performance, inconclusive) Technically the member function 'HistoryKeeper::unWrapMessage' can be static.
[src/historykeeper.cpp:286] -> [src/historykeeper.h:69]: (performance, inconclusive) Technically the member function 'HistoryKeeper::convertToChatType' can be static.
[src/ipc.cpp:199]: (style) Variable 'ptr' is assigned a value that is never used.
[src/ipc.cpp:220]: (style) Variable 'ptr' is assigned a value that is never used.
[src/ipc.cpp:219]: (style) Variable 'lastPtr' is assigned a value that is never used.
[src/misc/cdata.cpp:39] -> [src/misc/cdata.h:27]: (style, inconclusive) Technically the member function 'CData::size' can be const.
[src/misc/cdata.h:23]: (style) 'class CData' does not have a copy constructor which is recommended since the class contains a pointer to allocated memory.
[src/misc/cstring.cpp:49] -> [src/misc/cstring.h:34]: (style, inconclusive) Technically the member function 'CString::size' can be const.
[src/toxdns.cpp:31]: (warning) Redundant code: Found a statement that begins with string constant.
[src/toxdns.cpp:33]: (warning) Redundant code: Found a statement that begins with string constant.
[src/video/cameraworker.h:51]: (performance) Function parameter 'frame' should be passed by reference.
[src/video/camera.cpp:102]: (performance) Function parameter 'frame' should be passed by reference.
[src/video/cameraworker.cpp:33]: (warning) Possible leak in public function. The pointer 'clock' is not deallocated before it is allocated.
[src/widget/form/genericchatform.cpp:197]: (style) C-style pointer casting
[src/widget/tool/chatactions/actionaction.h:35] -> [src/widget/tool/chatactions/messageaction.h:37]: (warning) The class 'ActionAction' defines member variable with name 'message' also defined in its parent class 'MessageAction'.
[src/widget/tool/chatactions/alertaction.h:32] -> [src/widget/tool/chatactions/messageaction.h:37]: (warning) The class 'AlertAction' defines member variable with name 'message' also defined in its parent class 'MessageAction'.
[src/widget/form/tabcompleter.h:43]: (performance) Variable 'contents' is assigned in constructor body. Consider performing initialization in initialization list.
[src/widget/form/tabcompleter.cpp:30]: (warning) Member variable 'TabCompleter::lastCompletionLength' is not initialized in the constructor.
[src/widget/groupwidget.cpp:109] -> [src/widget/groupwidget.cpp:107]: (style, inconclusive) Found duplicate branches for 'if' and 'else'.
[src/widget/systemtrayicon.cpp:97]: (style) C-style pointer casting
[src/widget/videosurface.cpp:184]: (style) The scope of the variable 'values' can be reduced.
[src/widget/videosurface.cpp:24]: (warning) Member variable 'VideoSurface::bgrProgramm' is not initialized in the constructor.
[src/widget/videosurface.cpp:24]: (warning) Member variable 'VideoSurface::yuvProgramm' is not initialized in the constructor.
[src/widget/videosurface.cpp:262]: (performance) Function parameter 'newFrame' should be passed by reference.
[src/historykeeper.cpp:275]: (style) The function 'addGroupChatEntry' is never used.
[src/widget/widget.cpp:366]: (style) The function 'changeEvent' is never used.
[src/widget/friendwidget.cpp:49]: (style) The function 'contextMenuEvent' is never used.
[src/misc/serialize.cpp:46]: (style) The function 'dataToFloat' is never used.
[src/misc/serialize.cpp:102]: (style) The function 'dataToRangedSingle' is never used.
[src/misc/serialize.cpp:178]: (style) The function 'dataToUint16' is never used.
[src/misc/serialize.cpp:184]: (style) The function 'dataToUint32' is never used.
[src/misc/serialize.cpp:173]: (style) The function 'dataToUint8' is never used.
[src/misc/serialize.cpp:20]: (style) The function 'doubleToData' is never used.
[src/widget/form/chatform.cpp:732]: (style) The function 'dragEnterEvent' is never used.
[src/widget/form/chatform.cpp:738]: (style) The function 'dropEvent' is never used.
[src/widget/croppinglabel.cpp:85]: (style) The function 'eventFilter' is never used.
[src/misc/flowlayout.cpp:104]: (style) The function 'expandingDirections' is never used.
[src/misc/serialize.cpp:34]: (style) The function 'floatToData' is never used.
[src/widget/widget.cpp:346]: (style) The function 'getCoreThread' is never used.
[src/video/camera.cpp:87]: (style) The function 'getCurrentResolution' is never used.
[src/misc/settings.cpp:825]: (style) The function 'getEmojiFontFamily' is never used.
[src/misc/settings.cpp:794]: (style) The function 'getFirstColumnHandlePos' is never used.
[src/misc/settings.cpp:804]: (style) The function 'getSecondColumnHandlePosFromRight' is never used.
[src/widget/genericchatroomwidget.cpp:133]: (style) The function 'getStatusMsg' is never used.
[src/misc/flowlayout.cpp:114]: (style) The function 'heightForWidth' is never used.
[src/misc/settings.cpp:751]: (style) The function 'isAnimationEnabled' is never used.
[src/misc/settings.cpp:772]: (style) The function 'isCurstomEmojiFont' is never used.
[src/ipc.cpp:253]: (style) The function 'isEventProcessed' is never used.
[src/misc/settings.cpp:896]: (style) The function 'isMinimizeOnCloseEnabled' is never used.
[src/audio.cpp:313]: (style) The function 'isOutputClosed' is never used.
[src/misc/flowlayout.cpp:91]: (style) The function 'itemAt' is never used.
[src/widget/friendwidget.cpp:203]: (style) The function 'mouseMoveEvent' is never used.
[src/widget/emoticonswidget.cpp:149]: (style) The function 'mousePressEvent' is never used.
[src/widget/callconfirmwidget.cpp:78]: (style) The function 'paintEvent' is never used.
[src/widget/videosurface.cpp:125]: (style) The function 'paintGL' is never used.
[src/core.cpp:1558]: (style) The function 'quitGroupChat' is never used.
[src/misc/serialize.cpp:140]: (style) The function 'rangedSingleToData' is never used.
[src/misc/settings.cpp:756]: (style) The function 'setAnimationEnabled' is never used.
[src/misc/settings.cpp:777]: (style) The function 'setCurstomEmojiFont' is never used.
[src/misc/settings.cpp:446]: (style) The function 'setDhtServerList' is never used.
[src/widget/croppinglabel.cpp:46]: (style) The function 'setEdlideMode' is never used.
[src/misc/settings.cpp:830]: (style) The function 'setEmojiFontFamily' is never used.
[src/misc/settings.cpp:799]: (style) The function 'setFirstColumnHandlePos' is never used.
[src/misc/settings.cpp:901]: (style) The function 'setMinimizeOnClose' is never used.
[src/widget/chatareawidget.cpp:167]: (style) The function 'setNameColWidth' is never used.
[src/misc/settings.cpp:809]: (style) The function 'setSecondColumnHandlePosFromRight' is never used.
[src/misc/settings.cpp:841]: (style) The function 'setUseNativeStyle' is never used.
[src/misc/serialize.cpp:224]: (style) The function 'uint16ToData' is never used.
[src/misc/serialize.cpp:232]: (style) The function 'uint32ToData' is never used.
[src/misc/serialize.cpp:217]: (style) The function 'uint8ToData' is never used.
(information) Cppcheck cannot find all the include files (use --check-config for details)
